TN:
SF:src/ERC7629.sol
FN:82,ERC7629.name
FNDA:1,ERC7629.name
DA:83,1
DA:83,1
FN:89,ERC7629.symbol
FNDA:1,ERC7629.symbol
DA:90,1
DA:90,1
FN:96,ERC7629.decimals
FNDA:1,ERC7629.decimals
DA:97,1
DA:97,1
FN:103,ERC7629.totalSupply
FNDA:3,ERC7629.totalSupply
DA:104,3
DA:104,3
FN:111,ERC7629.balanceOf
FNDA:2,ERC7629.balanceOf
DA:112,2
DA:112,2
FN:118,ERC7629.erc20TotalSupply
FNDA:2,ERC7629.erc20TotalSupply
DA:119,2
DA:119,2
FN:126,ERC7629.erc20BalanceOf
FNDA:11,ERC7629.erc20BalanceOf
DA:127,11
DA:127,11
FN:133,ERC7629.erc721TotalSupply
FNDA:5,ERC7629.erc721TotalSupply
DA:134,5
DA:134,5
FN:141,ERC7629.erc721BalanceOf
FNDA:12,ERC7629.erc721BalanceOf
DA:142,12
DA:142,12
FN:150,ERC7629.isApprovedForAll
FNDA:2,ERC7629.isApprovedForAll
DA:151,3
DA:151,3
FN:159,ERC7629.allowance
FNDA:3,ERC7629.allowance
DA:160,6
DA:160,6
FN:167,ERC7629.owned
FNDA:11,ERC7629.owned
DA:168,11
DA:168,11
FN:175,ERC7629.ownerOf
FNDA:7,ERC7629.ownerOf
DA:176,75
DA:176,75
FN:184,ERC7629.approve
FNDA:2,ERC7629.approve
DA:185,2
DA:185,2
DA:185,2
DA:185,2
BRDA:185,0,0,1
BRDA:185,0,1,1
DA:186,1
DA:186,1
DA:188,1
DA:188,1
DA:188,1
DA:190,1
DA:190,1
FN:199,ERC7629._erc20Approve
FNDA:4,ERC7629._erc20Approve
DA:200,4
DA:200,4
DA:200,4
BRDA:200,1,0,1
BRDA:200,1,1,3
DA:201,1
DA:201,1
DA:204,3
DA:204,3
DA:206,3
DA:206,3
DA:207,3
DA:207,3
DA:209,3
DA:209,3
FN:217,ERC7629._erc721Approve
FNDA:3,ERC7629._erc721Approve
DA:218,3
DA:218,3
FN:228,ERC7629._approveERC721
FNDA:24,ERC7629._approveERC721
DA:229,24
DA:229,24
DA:229,21
DA:229,21
BRDA:229,2,0,2
BRDA:229,2,1,2
DA:230,3
DA:230,3
DA:230,3
DA:233,3
DA:233,3
DA:233,3
DA:233,1
BRDA:233,3,0,1
BRDA:233,3,1,2
DA:234,1
DA:234,1
DA:237,2
BRDA:237,4,0,2
BRDA:237,4,1,2
DA:238,2
DA:238,2
DA:239,2
DA:239,2
DA:243,23
DA:243,23
FN:251,ERC7629.setApprovalForAll
FNDA:7,ERC7629.setApprovalForAll
DA:252,7
DA:252,7
DA:252,7
BRDA:252,5,0,1
BRDA:252,5,1,6
DA:253,1
DA:253,1
DA:256,6
DA:256,6
DA:257,6
DA:257,6
FN:266,ERC7629.getApproved
FNDA:8,ERC7629.getApproved
DA:267,8
DA:267,8
DA:267,8
DA:268,8
DA:268,8
DA:268,8
BRDA:268,6,0,1
BRDA:268,6,1,7
DA:269,1
DA:269,1
DA:271,7
DA:271,7
FN:280,ERC7629.safeTransferFrom
FNDA:2,ERC7629.safeTransferFrom
DA:281,2
DA:281,2
FN:291,ERC7629.safeTransferFrom
FNDA:2,ERC7629.safeTransferFrom
DA:292,4
DA:292,4
DA:293,4
DA:293,4
FN:304,ERC7629._checkOnERC721Received
FNDA:4,ERC7629._checkOnERC721Received
DA:305,4
DA:305,4
BRDA:305,7,0,-
BRDA:305,7,1,2
DA:306,4
DA:306,4
FN:330,ERC7629.transferFrom
FNDA:3,ERC7629.transferFrom
DA:331,7
DA:331,7
BRDA:331,8,0,6
BRDA:331,8,1,1
DA:332,6
DA:332,6
DA:334,1
DA:334,1
DA:334,1
DA:337,5
DA:337,5
FN:347,ERC7629._erc20TransferFrom
FNDA:3,ERC7629._erc20TransferFrom
DA:348,3
DA:348,3
DA:350,3
DA:350,3
DA:350,3
DA:351,3
DA:351,3
BRDA:351,9,0,1
BRDA:351,9,1,2
DA:352,3
DA:352,3
BRDA:352,10,0,1
BRDA:352,10,1,2
DA:353,1
DA:353,1
DA:356,2
DA:356,2
DA:359,2
DA:359,2
DA:360,2
DA:360,2
FN:369,ERC7629._transferERC20
FNDA:4,ERC7629._transferERC20
DA:370,4
DA:370,4
DA:370,4
BRDA:370,11,0,-
BRDA:370,11,1,4
DA:371,0
DA:371,0
DA:373,4
DA:373,4
DA:373,4
BRDA:373,12,0,-
BRDA:373,12,1,4
DA:374,0
DA:374,0
DA:376,4
DA:376,4
FN:386,ERC7629._updateERC20
FNDA:30,ERC7629._updateERC20
DA:387,30
DA:387,30
DA:387,30
BRDA:387,13,0,21
BRDA:387,13,1,9
DA:389,21
DA:389,21
DA:391,9
DA:391,9
DA:392,9
DA:392,9
BRDA:392,14,0,3
BRDA:392,14,1,6
DA:393,3
DA:393,3
DA:397,6
DA:397,6
DA:401,27
DA:401,27
DA:401,27
BRDA:401,15,0,3
BRDA:401,15,1,24
DA:404,3
DA:404,3
DA:409,24
DA:409,24
DA:413,27
DA:413,27
FN:422,ERC7629._erc721TransferFrom
FNDA:16,ERC7629._erc721TransferFrom
DA:423,16
DA:423,16
DA:423,16
BRDA:423,16,0,1
BRDA:423,16,1,15
DA:424,1
DA:424,1
DA:427,15
DA:427,15
DA:427,15
DA:428,15
DA:428,15
DA:428,15
BRDA:428,17,0,1
BRDA:428,17,1,14
DA:429,1
DA:429,1
DA:430,14
DA:430,14
BRDA:430,18,0,1
BRDA:430,18,1,13
DA:431,1
DA:431,1
FN:442,ERC7629._updateERC721
FNDA:57,ERC7629._updateERC721
DA:443,57
DA:443,57
DA:443,57
DA:446,57
DA:446,57
DA:446,57
BRDA:446,19,0,-
BRDA:446,19,1,21
DA:448,21
DA:448,21
DA:451,21
DA:451,21
DA:454,21
DA:454,21
DA:455,21
DA:455,21
BRDA:455,20,0,-
BRDA:455,20,1,1
DA:456,1
DA:456,1
DA:457,1
DA:457,1
DA:459,21
DA:459,21
DA:462,57
DA:462,57
DA:462,57
BRDA:462,21,0,55
BRDA:462,21,1,57
DA:464,55
DA:464,55
DA:467,55
DA:467,55
DA:468,55
DA:468,55
DA:471,57
DA:471,57
DA:473,57
DA:473,57
DA:474,57
DA:474,57
DA:476,57
DA:476,57
FN:486,ERC7629.transfer
FNDA:3,ERC7629.transfer
DA:488,3
DA:488,3
DA:488,3
BRDA:488,22,0,1
BRDA:488,22,1,2
DA:489,1
DA:489,1
DA:492,2
DA:492,2
DA:493,1
DA:493,1
FN:502,ERC7629._mintERC20
FNDA:22,ERC7629._mintERC20
DA:503,22
DA:503,22
DA:503,22
BRDA:503,23,0,1
BRDA:503,23,1,21
DA:504,1
DA:504,1
DA:506,21
DA:506,21
FN:515,ERC7629._burnERC20
FNDA:6,ERC7629._burnERC20
DA:516,6
DA:516,6
DA:516,6
BRDA:516,24,0,1
BRDA:516,24,1,5
DA:517,1
DA:517,1
DA:519,5
DA:519,5
FN:527,ERC7629._mintERC721
FNDA:36,ERC7629._mintERC721
DA:528,36
DA:528,36
DA:528,36
BRDA:528,25,0,1
BRDA:528,25,1,35
DA:529,1
DA:529,1
DA:531,35
DA:531,35
DA:531,35
DA:532,35
DA:532,35
DA:532,35
BRDA:532,26,0,1
BRDA:532,26,1,34
DA:533,1
DA:533,1
DA:536,34
DA:536,34
FN:544,ERC7629._burnERC721
FNDA:2,ERC7629._burnERC721
DA:545,2
DA:545,2
DA:545,2
DA:546,2
DA:546,2
DA:546,2
BRDA:546,27,0,1
BRDA:546,27,1,1
DA:547,1
DA:547,1
FN:555,ERC7629.erc721ToERC20
FNDA:6,ERC7629.erc721ToERC20
DA:556,6
DA:556,6
DA:557,6
DA:557,6
DA:557,6
DA:559,6
DA:559,6
DA:560,6
DA:560,6
DA:561,6
DA:561,6
FN:568,ERC7629.erc20ToERC721
FNDA:3,ERC7629.erc20ToERC721
DA:569,3
DA:569,3
DA:569,3
DA:570,3
DA:570,3
DA:570,3
DA:572,3
DA:572,3
DA:574,2
DA:574,2
DA:574,2
DA:575,2
DA:575,2
DA:575,2
DA:577,2
DA:577,2
DA:577,2
DA:579,2
DA:579,2
DA:579,8
DA:579,6
DA:580,6
DA:580,6
DA:580,6
DA:581,6
DA:581,6
DA:582,6
DA:582,6
DA:585,2
DA:585,2
DA:585,7
DA:585,5
DA:586,5
DA:586,5
DA:587,5
DA:587,5
DA:588,5
DA:588,5
DA:590,2
DA:590,2
FN:597,ERC7629.getUnit
FNDA:5,ERC7629.getUnit
DA:598,5
DA:598,5
FN:606,ERC7629.supportsInterface
FNDA:3,ERC7629.supportsInterface
DA:607,3
DA:607,3
DA:607,3
DA:607,3
DA:607,2
FNF:37
FNH:37
LF:137
LH:135
BRF:56
BRH:51
end_of_record
TN:
SF:src/examples/ERC7629Example.sol
FN:16,ERC7629Example.tokenURI
FNDA:0,ERC7629Example.tokenURI
DA:17,0
DA:17,0
DA:17,0
FNF:1
FNH:0
LF:1
LH:0
BRF:0
BRH:0
end_of_record
TN:
SF:test/ERC7629.t.sol
FN:57,WrongReturnDataERC721Recipient.onERC721Received
FNDA:0,WrongReturnDataERC721Recipient.onERC721Received
DA:63,0
DA:63,0
FN:46,RevertingERC721Recipient.onERC721Received
FNDA:0,RevertingERC721Recipient.onERC721Received
DA:52,0
DA:52,0
FN:28,ERC721Recipient.onERC721Received
FNDA:2,ERC721Recipient.onERC721Received
DA:34,2
DA:34,2
DA:35,2
DA:35,2
DA:36,2
DA:36,2
DA:37,2
DA:37,2
DA:39,2
DA:39,2
FN:12,ERC721TokenReceiver.onERC721Received
FNDA:0,ERC721TokenReceiver.onERC721Received
DA:18,0
DA:18,0
FNF:4
FNH:1
LF:8
LH:5
BRF:0
BRH:0
end_of_record
TN:
SF:test/mock/ERC7629Mock.sol
FN:14,ERC7629Mock.mintERC20
FNDA:16,ERC7629Mock.mintERC20
DA:15,16
DA:15,16
FN:18,ERC7629Mock.mintERC721
FNDA:30,ERC7629Mock.mintERC721
DA:19,30
DA:19,30
FN:22,ERC7629Mock.burnERC20
FNDA:3,ERC7629Mock.burnERC20
DA:23,3
DA:23,3
FN:26,ERC7629Mock.burnERC721
FNDA:2,ERC7629Mock.burnERC721
DA:27,2
DA:27,2
FN:30,ERC7629Mock.tokenURI
FNDA:0,ERC7629Mock.tokenURI
DA:31,0
DA:31,0
DA:31,0
FN:34,ERC7629Mock.erc721Approve
FNDA:2,ERC7629Mock.erc721Approve
DA:35,2
DA:35,2
FN:38,ERC7629Mock.erc721TransferFrom
FNDA:4,ERC7629Mock.erc721TransferFrom
DA:39,4
DA:39,4
FN:42,ERC7629Mock.erc20Approve
FNDA:3,ERC7629Mock.erc20Approve
DA:43,3
DA:43,3
FN:46,ERC7629Mock.erc20TransferFrom
FNDA:2,ERC7629Mock.erc20TransferFrom
DA:47,2
DA:47,2
FNF:9
FNH:8
LF:9
LH:8
BRF:0
BRH:0
end_of_record
