TN:
SF:src/ERC7629.sol
FN:83,ERC7629.name
FNDA:1,ERC7629.name
DA:84,1
DA:84,1
FN:90,ERC7629.symbol
FNDA:1,ERC7629.symbol
DA:91,1
DA:91,1
FN:97,ERC7629.decimals
FNDA:1,ERC7629.decimals
DA:98,1
DA:98,1
FN:104,ERC7629.totalSupply
FNDA:3,ERC7629.totalSupply
DA:107,3
DA:107,3
FN:115,ERC7629.balanceOf
FNDA:2,ERC7629.balanceOf
DA:116,2
DA:116,2
FN:122,ERC7629.erc20TotalSupply
FNDA:2,ERC7629.erc20TotalSupply
DA:125,2
DA:125,2
FN:133,ERC7629.erc20BalanceOf
FNDA:11,ERC7629.erc20BalanceOf
DA:134,11
DA:134,11
FN:140,ERC7629.erc721TotalSupply
FNDA:5,ERC7629.erc721TotalSupply
DA:141,5
DA:141,5
FN:148,ERC7629.erc721BalanceOf
FNDA:12,ERC7629.erc721BalanceOf
DA:149,12
DA:149,12
FN:157,ERC7629.isApprovedForAll
FNDA:2,ERC7629.isApprovedForAll
DA:158,3
DA:158,3
FN:166,ERC7629.allowance
FNDA:3,ERC7629.allowance
DA:167,7
DA:167,7
FN:174,ERC7629.owned
FNDA:11,ERC7629.owned
DA:175,11
DA:175,11
FN:182,ERC7629.ownerOf
FNDA:7,ERC7629.ownerOf
DA:183,75
DA:183,75
FN:191,ERC7629.approve
FNDA:3,ERC7629.approve
DA:192,3
DA:192,3
DA:192,3
DA:192,3
BRDA:192,0,0,1
BRDA:192,0,1,2
DA:193,1
DA:193,1
DA:195,2
DA:195,2
DA:195,2
DA:197,1
DA:197,1
FN:206,ERC7629._erc20Approve
FNDA:5,ERC7629._erc20Approve
DA:207,5
DA:207,5
DA:207,5
BRDA:207,1,0,1
BRDA:207,1,1,4
DA:208,1
DA:208,1
DA:211,4
DA:211,4
DA:213,4
DA:213,4
DA:214,4
DA:214,4
DA:216,4
DA:216,4
FN:224,ERC7629._erc721Approve
FNDA:3,ERC7629._erc721Approve
DA:225,3
DA:225,3
FN:235,ERC7629._approveERC721
FNDA:24,ERC7629._approveERC721
DA:236,24
DA:236,24
DA:236,21
DA:236,21
BRDA:236,2,0,2
BRDA:236,2,1,2
DA:237,3
DA:237,3
DA:237,3
DA:240,3
DA:240,3
DA:240,3
DA:240,1
BRDA:240,3,0,1
BRDA:240,3,1,2
DA:241,1
DA:241,1
DA:244,2
BRDA:244,4,0,2
BRDA:244,4,1,2
DA:245,2
DA:245,2
DA:246,2
DA:246,2
DA:250,23
DA:250,23
FN:258,ERC7629.setApprovalForAll
FNDA:7,ERC7629.setApprovalForAll
DA:259,7
DA:259,7
DA:259,7
BRDA:259,5,0,1
BRDA:259,5,1,6
DA:260,1
DA:260,1
DA:263,6
DA:263,6
DA:264,6
DA:264,6
FN:273,ERC7629.getApproved
FNDA:8,ERC7629.getApproved
DA:274,8
DA:274,8
DA:274,8
DA:275,8
DA:275,8
DA:275,8
BRDA:275,6,0,1
BRDA:275,6,1,7
DA:276,1
DA:276,1
DA:278,7
DA:278,7
FN:287,ERC7629.safeTransferFrom
FNDA:2,ERC7629.safeTransferFrom
DA:288,2
DA:288,2
FN:298,ERC7629.safeTransferFrom
FNDA:2,ERC7629.safeTransferFrom
DA:299,4
DA:299,4
DA:300,4
DA:300,4
FN:311,ERC7629._checkOnERC721Received
FNDA:4,ERC7629._checkOnERC721Received
DA:312,4
DA:312,4
BRDA:312,7,0,-
BRDA:312,7,1,2
DA:313,4
DA:313,4
FN:337,ERC7629.transferFrom
FNDA:4,ERC7629.transferFrom
DA:338,8
DA:338,8
BRDA:338,8,0,6
BRDA:338,8,1,2
DA:339,6
DA:339,6
DA:341,2
DA:341,2
DA:341,2
DA:344,5
DA:344,5
FN:354,ERC7629._erc20TransferFrom
FNDA:4,ERC7629._erc20TransferFrom
DA:355,4
DA:355,4
DA:357,4
DA:357,4
DA:357,4
DA:358,4
DA:358,4
BRDA:358,9,0,1
BRDA:358,9,1,3
DA:359,4
DA:359,4
BRDA:359,10,0,1
BRDA:359,10,1,3
DA:360,1
DA:360,1
DA:363,3
DA:363,3
DA:366,3
DA:366,3
DA:367,2
DA:367,2
FN:376,ERC7629._transferERC20
FNDA:7,ERC7629._transferERC20
DA:377,7
DA:377,7
DA:377,7
BRDA:377,11,0,1
BRDA:377,11,1,6
DA:378,1
DA:378,1
DA:380,6
DA:380,6
DA:380,6
BRDA:380,12,0,2
BRDA:380,12,1,4
DA:381,2
DA:381,2
DA:383,4
DA:383,4
FN:393,ERC7629._updateERC20
FNDA:33,ERC7629._updateERC20
DA:394,33
DA:394,33
DA:394,33
BRDA:394,13,0,1
BRDA:394,13,1,23
DA:402,24
BRDA:402,14,0,1
DA:410,9
DA:410,9
DA:411,9
DA:411,9
BRDA:411,15,0,3
BRDA:411,15,1,6
DA:412,3
DA:412,3
DA:416,6
DA:416,6
DA:420,29
DA:420,29
DA:420,29
BRDA:420,16,0,3
BRDA:420,16,1,26
DA:429,26
DA:429,26
DA:433,29
DA:433,29
FN:442,ERC7629._erc721TransferFrom
FNDA:16,ERC7629._erc721TransferFrom
DA:443,16
DA:443,16
DA:443,16
BRDA:443,17,0,1
BRDA:443,17,1,15
DA:444,1
DA:444,1
DA:447,15
DA:447,15
DA:447,15
DA:448,15
DA:448,15
DA:448,15
BRDA:448,18,0,1
BRDA:448,18,1,14
DA:449,1
DA:449,1
DA:450,14
DA:450,14
BRDA:450,19,0,1
BRDA:450,19,1,13
DA:451,1
DA:451,1
FN:462,ERC7629._updateERC721
FNDA:57,ERC7629._updateERC721
DA:463,57
DA:463,57
DA:463,57
DA:466,57
DA:466,57
DA:466,57
BRDA:466,20,0,-
BRDA:466,20,1,21
DA:468,21
DA:468,21
DA:471,21
DA:471,21
DA:474,21
DA:474,21
DA:475,21
DA:475,21
BRDA:475,21,0,-
BRDA:475,21,1,1
DA:476,1
DA:476,1
DA:477,1
DA:477,1
DA:479,21
DA:479,21
DA:482,57
DA:482,57
DA:482,57
BRDA:482,22,0,55
BRDA:482,22,1,57
DA:484,55
DA:484,55
DA:487,55
DA:487,55
DA:488,55
DA:488,55
DA:491,57
DA:491,57
DA:493,57
DA:493,57
DA:494,57
DA:494,57
DA:496,57
DA:496,57
FN:506,ERC7629.transfer
FNDA:4,ERC7629.transfer
DA:507,4
DA:507,4
DA:508,1
DA:508,1
FN:517,ERC7629._mintERC20
FNDA:25,ERC7629._mintERC20
DA:518,25
DA:518,25
DA:518,25
BRDA:518,23,0,1
BRDA:518,23,1,24
DA:519,1
DA:519,1
DA:521,24
DA:521,24
FN:530,ERC7629._burnERC20
FNDA:6,ERC7629._burnERC20
DA:531,6
DA:531,6
DA:531,6
BRDA:531,24,0,1
BRDA:531,24,1,5
DA:532,1
DA:532,1
DA:534,5
DA:534,5
FN:542,ERC7629._mintERC721
FNDA:36,ERC7629._mintERC721
DA:543,36
DA:543,36
DA:543,36
BRDA:543,25,0,1
BRDA:543,25,1,35
DA:544,1
DA:544,1
DA:546,35
DA:546,35
DA:546,35
DA:547,35
DA:547,35
DA:547,35
BRDA:547,26,0,1
BRDA:547,26,1,34
DA:548,1
DA:548,1
DA:551,34
DA:551,34
FN:559,ERC7629._burnERC721
FNDA:2,ERC7629._burnERC721
DA:560,2
DA:560,2
DA:560,2
DA:561,2
DA:561,2
DA:561,2
BRDA:561,27,0,1
BRDA:561,27,1,1
DA:562,1
DA:562,1
FN:570,ERC7629.erc721ToERC20
FNDA:6,ERC7629.erc721ToERC20
DA:571,6
DA:571,6
DA:572,6
DA:572,6
DA:572,6
DA:574,6
DA:574,6
DA:575,6
DA:575,6
DA:576,6
DA:576,6
FN:583,ERC7629.erc20ToERC721
FNDA:3,ERC7629.erc20ToERC721
DA:584,3
DA:584,3
DA:584,3
DA:585,3
DA:585,3
DA:585,3
DA:587,3
DA:587,3
DA:589,2
DA:589,2
DA:589,2
DA:590,2
DA:590,2
DA:590,2
DA:592,2
DA:592,2
DA:592,2
DA:594,2
DA:594,2
DA:594,8
DA:594,6
DA:595,6
DA:595,6
DA:595,6
DA:596,6
DA:596,6
DA:597,6
DA:597,6
DA:600,2
DA:600,2
DA:600,7
DA:600,5
DA:601,5
DA:601,5
DA:602,5
DA:602,5
DA:603,5
DA:603,5
DA:605,2
DA:605,2
FN:612,ERC7629.getUnit
FNDA:5,ERC7629.getUnit
DA:613,5
DA:613,5
FN:621,ERC7629.supportsInterface
FNDA:3,ERC7629.supportsInterface
DA:622,3
DA:622,3
DA:622,3
DA:622,3
DA:622,2
FNF:37
FNH:37
LF:134
LH:134
BRF:55
BRH:52
end_of_record
TN:
SF:src/examples/ERC7629Example.sol
FN:16,ERC7629Example.tokenURI
FNDA:0,ERC7629Example.tokenURI
DA:17,0
DA:17,0
DA:17,0
FNF:1
FNH:0
LF:1
LH:0
BRF:0
BRH:0
end_of_record
TN:
SF:test/ERC7629.t.sol
FN:23,ERC721Recipient.onERC721Received
FNDA:2,ERC721Recipient.onERC721Received
DA:29,2
DA:29,2
DA:30,2
DA:30,2
DA:31,2
DA:31,2
DA:32,2
DA:32,2
DA:34,2
DA:34,2
FN:47,WrongReturnDataERC721Recipient.onERC721Received
FNDA:0,WrongReturnDataERC721Recipient.onERC721Received
DA:48,0
DA:48,0
FN:12,ERC721TokenReceiver.onERC721Received
FNDA:0,ERC721TokenReceiver.onERC721Received
DA:13,0
DA:13,0
FN:41,RevertingERC721Recipient.onERC721Received
FNDA:0,RevertingERC721Recipient.onERC721Received
DA:42,0
DA:42,0
FNF:4
FNH:1
LF:8
LH:5
BRF:0
BRH:0
end_of_record
TN:
SF:test/mock/ERC7629Mock.sol
FN:14,ERC7629Mock.mintERC20
FNDA:19,ERC7629Mock.mintERC20
DA:15,19
DA:15,19
FN:18,ERC7629Mock.mintERC721
FNDA:30,ERC7629Mock.mintERC721
DA:19,30
DA:19,30
FN:22,ERC7629Mock.burnERC20
FNDA:3,ERC7629Mock.burnERC20
DA:23,3
DA:23,3
FN:26,ERC7629Mock.burnERC721
FNDA:2,ERC7629Mock.burnERC721
DA:27,2
DA:27,2
FN:30,ERC7629Mock.tokenURI
FNDA:0,ERC7629Mock.tokenURI
DA:31,0
DA:31,0
DA:31,0
FN:34,ERC7629Mock.erc721Approve
FNDA:2,ERC7629Mock.erc721Approve
DA:35,2
DA:35,2
FN:38,ERC7629Mock.erc721TransferFrom
FNDA:4,ERC7629Mock.erc721TransferFrom
DA:39,4
DA:39,4
FN:42,ERC7629Mock.erc20Approve
FNDA:3,ERC7629Mock.erc20Approve
DA:43,3
DA:43,3
FN:46,ERC7629Mock.erc20TransferFrom
FNDA:2,ERC7629Mock.erc20TransferFrom
DA:47,2
DA:47,2
FNF:9
FNH:8
LF:9
LH:8
BRF:0
BRH:0
end_of_record
